<?xml version="1.0" encoding="UTF-8"?>
<!-- Generated by org.testng.reporters.JUnitReportReporter -->
<testsuite hostname="Rajas-MacBook-Pro.local" failures="0" tests="1" name="Academy.validateTitle" time="0.075" errors="0" timestamp="4 Mar 2020 09:01:04 GMT">
  <testcase classname="Academy.validateTitle" name="validateAppTitle" time="0.075"/>
</testsuite> <!-- Academy.validateTitle -->
