<?xml version="1.0" encoding="UTF-8"?>
<!-- Generated by org.testng.reporters.JUnitReportReporter -->
<testsuite hostname="Rajas-MacBook-Pro.local" failures="0" tests="2" name="Academy.HomePage" time="26.952" errors="0" timestamp="4 Mar 2020 09:01:04 GMT">
  <testcase classname="Academy.HomePage" name="basePageNavigation" time="8.330"/>
  <testcase classname="Academy.HomePage" name="basePageNavigation" time="18.622"/>
</testsuite> <!-- Academy.HomePage -->
